<?xml version="1.0" encoding="UTF-8"?>
<!-- Generated by org.testng.reporters.JUnitReportReporter -->
<testsuite hostname="AY-Notebook" failures="0" tests="4" name="seleniumSession28.OpenCartLoginPageTest" time="8.209" errors="0" timestamp="2024-09-16T17:17:09 IST" skipped="0">
  <testcase classname="seleniumSession28.OpenCartLoginPageTest" name="searchTest" time="2.212"/>
  <system-out/>
  <testcase classname="seleniumSession28.OpenCartLoginPageTest" name="searchTest" time="2.166"/>
  <system-out/>
  <testcase classname="seleniumSession28.OpenCartLoginPageTest" name="searchTest" time="1.919"/>
  <system-out/>
  <testcase classname="seleniumSession28.OpenCartLoginPageTest" name="searchTest" time="1.912"/>
  <system-out/>
</testsuite> <!-- seleniumSession28.OpenCartLoginPageTest -->
