<?xml version="1.0" encoding="UTF-8"?>
<!-- Generated by org.testng.reporters.JUnitReportReporter -->
<testsuite hostname="AY-Notebook" failures="0" tests="2" name="seleniumSession27.UITests.OrangeHRMTest" time="6.161" errors="0" timestamp="2024-09-15T15:58:13 IST" skipped="0">
  <testcase classname="seleniumSession27.UITests.OrangeHRMTest" name="pageTitleTest" time="6.146"/>
  <system-out/>
  <testcase classname="seleniumSession27.UITests.OrangeHRMTest" name="pageUrlTest" time="0.015"/>
  <system-out/>
</testsuite> <!-- seleniumSession27.UITests.OrangeHRMTest -->
