<?xml version="1.0" encoding="UTF-8"?>
<!-- Generated by org.testng.reporters.JUnitReportReporter -->
<testsuite hostname="AY-Notebook" failures="0" tests="2" name="seleniumSession28.GoogleTest" time="0.042" errors="0" timestamp="2024-09-16T00:26:47 IST" skipped="0">
  <testcase classname="seleniumSession28.GoogleTest" name="pageUrlTest" time="0.018"/>
  <system-out/>
  <testcase classname="seleniumSession28.GoogleTest" name="pageTitleTest" time="0.024"/>
  <system-out/>
</testsuite> <!-- seleniumSession28.GoogleTest -->
