<?xml version="1.0" encoding="UTF-8"?>
<!-- Generated by org.testng.reporters.JUnitReportReporter -->
<testsuite hostname="AY-Notebook" failures="0" tests="3" name="seleniumSession27.UITests.LoginPageTest4" time="1.269" errors="0" timestamp="2024-09-15T15:58:13 IST" skipped="0">
  <testcase classname="seleniumSession27.UITests.LoginPageTest4" name="pageTitleTest" time="1.205"/>
  <system-out/>
  <testcase classname="seleniumSession27.UITests.LoginPageTest4" name="pageUrlTest" time="0.014"/>
  <system-out/>
  <testcase classname="seleniumSession27.UITests.LoginPageTest4" name="pageLogoTest" time="0.050"/>
  <system-out/>
</testsuite> <!-- seleniumSession27.UITests.LoginPageTest4 -->
