<?xml version="1.0" encoding="UTF-8"?>
<!-- Generated by org.testng.reporters.JUnitReportReporter -->
<testsuite hostname="AY-Notebook" failures="0" tests="2" name="seleniumSession27.UITests.GoogleTest" time="2.337" errors="0" timestamp="2024-09-15T15:58:13 IST" skipped="0">
  <testcase classname="seleniumSession27.UITests.GoogleTest" name="pageTitleTest" time="2.324"/>
  <system-out/>
  <testcase classname="seleniumSession27.UITests.GoogleTest" name="pageUrlTest" time="0.013"/>
  <system-out/>
</testsuite> <!-- seleniumSession27.UITests.GoogleTest -->
