<?xml version="1.0" encoding="UTF-8"?>
<!-- Generated by org.testng.reporters.JUnitReportReporter -->
<testsuite hostname="AY-Notebook" failures="0" tests="1" name="seleniumSession27.UITests.assignment.RegistrationPageTest" time="2.983" errors="0" timestamp="2024-09-15T18:52:12 IST" skipped="0">
  <testcase classname="seleniumSession27.UITests.assignment.RegistrationPageTest" name="registrationTest" time="2.983"/>
  <system-out/>
</testsuite> <!-- seleniumSession27.UITests.assignment.RegistrationPageTest -->
